  MyForm.cpp
a:\проекты\records\tables\tablesform\MyForm.h(483): warning C4244: =: преобразование "wchar_t" в "char", возможна потеря данных
a:\проекты\records\tables\tablesform\MyForm.h(487): warning C4244: =: преобразование "wchar_t" в "char", возможна потеря данных
a:\проекты\records\tables\tablesform\MyForm.h(528): warning C4244: =: преобразование "wchar_t" в "char", возможна потеря данных
a:\проекты\records\tables\tablesform\MyForm.h(532): warning C4244: =: преобразование "wchar_t" в "char", возможна потеря данных
a:\проекты\records\tables\tablesform\MyForm.h(562): warning C4244: =: преобразование "wchar_t" в "char", возможна потеря данных
a:\проекты\records\tables\tablesform\MyForm.h(605): warning C4244: =: преобразование "wchar_t" в "char", возможна потеря данных
a:\проекты\records\tables\tablesform\MyForm.h(634): warning C4244: =: преобразование "wchar_t" в "char", возможна потеря данных
a:\проекты\records\tables\tablesform\MyForm.h(664): warning C4244: =: преобразование "wchar_t" в "char", возможна потеря данных
a:\проекты\records\tables\tablesform\MyForm.h(678): warning C4244: =: преобразование "wchar_t" в "char", возможна потеря данных
a:\проекты\records\tables\tablesform\MyForm.h(682): warning C4244: =: преобразование "wchar_t" в "char", возможна потеря данных
a:\проекты\records\tables\tablesform\MyForm.h(719): warning C4244: =: преобразование "wchar_t" в "char", возможна потеря данных
a:\проекты\records\tables\tablesform\MyForm.h(733): warning C4244: =: преобразование "wchar_t" в "char", возможна потеря данных
a:\проекты\records\tables\tablesform\MyForm.h(737): warning C4244: =: преобразование "wchar_t" в "char", возможна потеря данных
a:\проекты\records\tables\tablesform\MyForm.h(773): warning C4244: =: преобразование "wchar_t" в "char", возможна потеря данных
a:\проекты\records\tables\tablesform\MyForm.h(787): warning C4244: =: преобразование "wchar_t" в "char", возможна потеря данных
a:\проекты\records\tables\tablesform\MyForm.h(791): warning C4244: =: преобразование "wchar_t" в "char", возможна потеря данных
a:\проекты\records\tables\tables\searching.cpp(164): warning C4715: Searching::get: значение возвращается не при всех путях выполнения
  MyForm.obj : /DEBUG:FASTLINK не поддерживается, если присутствует управляемый код; выполняется перезапуск компоновки с /DEBUG:FULL
  TablesForm.vcxproj -> A:\Проекты\Records\Tables\Debug\TablesForm.exe
  TablesForm.vcxproj -> A:\Проекты\Records\Tables\Debug\TablesForm.pdb (Partial PDB)
